{"numTotalTestSuites":2,"numPassedTestSuites":2,"numFailedTestSuites":0,"numPendingTestSuites":0,"numTotalTests":5,"numPassedTests":5,"numFailedTests":0,"numPendingTests":0,"numTodoTests":0,"snapshot":{"added":0,"failure":false,"filesAdded":0,"filesRemoved":0,"filesRemovedList":[],"filesUnmatched":0,"filesUpdated":0,"matched":0,"total":0,"unchecked":0,"uncheckedKeysByFile":[],"unmatched":0,"updated":0,"didUpdate":false},"startTime":1784701180109,"success":true,"testResults":[{"assertionResults":[{"ancestorTitles":["Worker socket security bounds"],"fullName":"Worker socket security bounds validates only complete version-4 bounded attachments","status":"passed","title":"validates only complete version-4 bounded attachments","duration":1.2027000000000214,"failureMessages":[],"meta":{},"tags":[]},{"ancestorTitles":["Worker socket security bounds"],"fullName":"Worker socket security bounds enforces both message and aggregate-byte windows and resets deterministically","status":"passed","title":"enforces both message and aggregate-byte windows and resets deterministically","duration":0.6632000000000176,"failureMessages":[],"meta":{},"tags":[]},{"ancestorTitles":["Worker socket security bounds"],"fullName":"Worker socket security bounds admits legal 20 Hz input plus 10 Hz snapshot ACKs with bounded control headroom","status":"passed","title":"admits legal 20 Hz input plus 10 Hz snapshot ACKs with bounded control headroom","duration":2.7642000000000166,"failureMessages":[],"meta":{},"tags":[]},{"ancestorTitles":["Worker socket security bounds"],"fullName":"Worker socket security bounds marks a socket stale at the explicit heartbeat threshold","status":"passed","title":"marks a socket stale at the explicit heartbeat threshold","duration":0.15799999999998704,"failureMessages":[],"meta":{},"tags":[]},{"ancestorTitles":["Worker socket security bounds"],"fullName":"Worker socket security bounds coalesces above 256 KiB, resets on drain, and evicts at the exact grace boundary","status":"passed","title":"coalesces above 256 KiB, resets on drain, and evicts at the exact grace boundary","duration":0.27530000000001564,"failureMessages":[],"meta":{},"tags":[]}],"startTime":1784701180380,"endTime":1784701180384.2754,"status":"passed","message":"","name":"C:/AI Projects/Projects/Games/evio/evio-repo/tests/unit/worker/security.test.ts"}]}
